{"/Users/dvs/Documents/INGENIERIA_CIVIL/ANDES/ProyectoFinal2/abc-backend/auth/index.js": {"path":"/Users/dvs/Documents/INGENIERIA_CIVIL/ANDES/ProyectoFinal2/abc-backend/auth/index.js","statementMap":{"0":{"start":{"line":1,"column":16},"end":{"line":1,"column":34}},"1":{"start":{"line":2,"column":20},"end":{"line":2,"column":48}},"2":{"start":{"line":3,"column":24},"end":{"line":3,"column":56}},"3":{"start":{"line":4,"column":14},"end":{"line":4,"column":47}},"4":{"start":{"line":5,"column":19},"end":{"line":5,"column":45}},"5":{"start":{"line":7,"column":12},"end":{"line":7,"column":21}},"6":{"start":{"line":9,"column":0},"end":{"line":9,"column":23}},"7":{"start":{"line":10,"column":0},"end":{"line":10,"column":14}},"8":{"start":{"line":13,"column":0},"end":{"line":13,"column":20}},"9":{"start":{"line":14,"column":0},"end":{"line":14,"column":24}},"10":{"start":{"line":18,"column":0},"end":{"line":22,"column":1}},"11":{"start":{"line":19,"column":4},"end":{"line":19,"column":24}},"12":{"start":{"line":21,"column":4},"end":{"line":21,"column":44}}},"fnMap":{},"branchMap":{"0":{"loc":{"start":{"line":18,"column":0},"end":{"line":22,"column":1}},"type":"if","locations":[{"start":{"line":18,"column":0},"end":{"line":22,"column":1}},{"start":{"line":20,"column":7},"end":{"line":22,"column":1}}],"line":18}},"s":{"0":7,"1":7,"2":7,"3":7,"4":7,"5":7,"6":7,"7":7,"8":7,"9":7,"10":7,"11":7,"12":0},"f":{},"b":{"0":[7,0]},"_coverageSchema":"1a1c01bbd47fc00a2c39e90264f33305004495a9","hash":"bf9c5206b0cd8f05595723e64d95f051c06344df"}
,"/Users/dvs/Documents/INGENIERIA_CIVIL/ANDES/ProyectoFinal2/abc-backend/auth/controllers/company.js": {"path":"/Users/dvs/Documents/INGENIERIA_CIVIL/ANDES/ProyectoFinal2/abc-backend/auth/controllers/company.js","statementMap":{"0":{"start":{"line":1,"column":16},"end":{"line":1,"column":44}},"1":{"start":{"line":2,"column":15},"end":{"line":2,"column":34}},"2":{"start":{"line":3,"column":12},"end":{"line":3,"column":35}},"3":{"start":{"line":7,"column":4},"end":{"line":7,"column":24}},"4":{"start":{"line":9,"column":17},"end":{"line":84,"column":1}},"5":{"start":{"line":11,"column":23},"end":{"line":11,"column":25}},"6":{"start":{"line":21,"column":8},"end":{"line":21,"column":16}},"7":{"start":{"line":27,"column":4},"end":{"line":31,"column":5}},"8":{"start":{"line":28,"column":8},"end":{"line":30,"column":11}},"9":{"start":{"line":33,"column":4},"end":{"line":82,"column":5}},"10":{"start":{"line":36,"column":30},"end":{"line":44,"column":10}},"11":{"start":{"line":46,"column":8},"end":{"line":50,"column":9}},"12":{"start":{"line":47,"column":12},"end":{"line":49,"column":15}},"13":{"start":{"line":52,"column":8},"end":{"line":75,"column":11}},"14":{"start":{"line":53,"column":12},"end":{"line":74,"column":15}},"15":{"start":{"line":56,"column":32},"end":{"line":65,"column":18}},"16":{"start":{"line":67,"column":16},"end":{"line":73,"column":22}},"17":{"start":{"line":69,"column":24},"end":{"line":72,"column":26}},"18":{"start":{"line":78,"column":8},"end":{"line":81,"column":11}},"19":{"start":{"line":86,"column":14},"end":{"line":149,"column":1}},"20":{"start":{"line":91,"column":8},"end":{"line":91,"column":16}},"21":{"start":{"line":93,"column":4},"end":{"line":97,"column":5}},"22":{"start":{"line":94,"column":8},"end":{"line":96,"column":11}},"23":{"start":{"line":99,"column":4},"end":{"line":148,"column":5}},"24":{"start":{"line":101,"column":24},"end":{"line":105,"column":10}},"25":{"start":{"line":107,"column":8},"end":{"line":111,"column":9}},"26":{"start":{"line":108,"column":12},"end":{"line":110,"column":15}},"27":{"start":{"line":113,"column":32},"end":{"line":113,"column":80}},"28":{"start":{"line":114,"column":8},"end":{"line":118,"column":9}},"29":{"start":{"line":115,"column":12},"end":{"line":117,"column":15}},"30":{"start":{"line":122,"column":25},"end":{"line":122,"column":92}},"31":{"start":{"line":124,"column":22},"end":{"line":130,"column":10}},"32":{"start":{"line":132,"column":8},"end":{"line":132,"column":30}},"33":{"start":{"line":133,"column":8},"end":{"line":133,"column":36}},"34":{"start":{"line":135,"column":8},"end":{"line":135,"column":29}},"35":{"start":{"line":137,"column":8},"end":{"line":141,"column":11}},"36":{"start":{"line":144,"column":8},"end":{"line":147,"column":11}},"37":{"start":{"line":153,"column":24},"end":{"line":172,"column":1}},"38":{"start":{"line":155,"column":20},"end":{"line":159,"column":6}},"39":{"start":{"line":161,"column":4},"end":{"line":165,"column":5}},"40":{"start":{"line":162,"column":8},"end":{"line":164,"column":11}},"41":{"start":{"line":167,"column":4},"end":{"line":171,"column":7}},"42":{"start":{"line":174,"column":20},"end":{"line":176,"column":1}},"43":{"start":{"line":175,"column":4},"end":{"line":175,"column":33}},"44":{"start":{"line":178,"column":0},"end":{"line":183,"column":2}}},"fnMap":{"0":{"name":"(anonymous_0)","decl":{"start":{"line":9,"column":17},"end":{"line":9,"column":18}},"loc":{"start":{"line":9,"column":37},"end":{"line":84,"column":1}},"line":9},"1":{"name":"(anonymous_1)","decl":{"start":{"line":52,"column":35},"end":{"line":52,"column":36}},"loc":{"start":{"line":52,"column":54},"end":{"line":75,"column":9}},"line":52},"2":{"name":"(anonymous_2)","decl":{"start":{"line":53,"column":40},"end":{"line":53,"column":41}},"loc":{"start":{"line":53,"column":59},"end":{"line":74,"column":13}},"line":53},"3":{"name":"(anonymous_3)","decl":{"start":{"line":68,"column":26},"end":{"line":68,"column":27}},"loc":{"start":{"line":68,"column":36},"end":{"line":73,"column":21}},"line":68},"4":{"name":"(anonymous_4)","decl":{"start":{"line":86,"column":14},"end":{"line":86,"column":15}},"loc":{"start":{"line":86,"column":34},"end":{"line":149,"column":1}},"line":86},"5":{"name":"(anonymous_5)","decl":{"start":{"line":153,"column":24},"end":{"line":153,"column":25}},"loc":{"start":{"line":153,"column":44},"end":{"line":172,"column":1}},"line":153},"6":{"name":"(anonymous_6)","decl":{"start":{"line":174,"column":20},"end":{"line":174,"column":21}},"loc":{"start":{"line":174,"column":40},"end":{"line":176,"column":1}},"line":174}},"branchMap":{"0":{"loc":{"start":{"line":27,"column":4},"end":{"line":31,"column":5}},"type":"if","locations":[{"start":{"line":27,"column":4},"end":{"line":31,"column":5}},{"start":{},"end":{}}],"line":27},"1":{"loc":{"start":{"line":27,"column":8},"end":{"line":27,"column":81}},"type":"binary-expr","locations":[{"start":{"line":27,"column":8},"end":{"line":27,"column":13}},{"start":{"line":27,"column":17},"end":{"line":27,"column":23}},{"start":{"line":27,"column":27},"end":{"line":27,"column":36}},{"start":{"line":27,"column":40},"end":{"line":27,"column":45}},{"start":{"line":27,"column":49},"end":{"line":27,"column":58}},{"start":{"line":27,"column":62},"end":{"line":27,"column":70}},{"start":{"line":27,"column":74},"end":{"line":27,"column":81}}],"line":27},"2":{"loc":{"start":{"line":46,"column":8},"end":{"line":50,"column":9}},"type":"if","locations":[{"start":{"line":46,"column":8},"end":{"line":50,"column":9}},{"start":{},"end":{}}],"line":46},"3":{"loc":{"start":{"line":93,"column":4},"end":{"line":97,"column":5}},"type":"if","locations":[{"start":{"line":93,"column":4},"end":{"line":97,"column":5}},{"start":{},"end":{}}],"line":93},"4":{"loc":{"start":{"line":93,"column":8},"end":{"line":93,"column":27}},"type":"binary-expr","locations":[{"start":{"line":93,"column":8},"end":{"line":93,"column":14}},{"start":{"line":93,"column":18},"end":{"line":93,"column":27}}],"line":93},"5":{"loc":{"start":{"line":107,"column":8},"end":{"line":111,"column":9}},"type":"if","locations":[{"start":{"line":107,"column":8},"end":{"line":111,"column":9}},{"start":{},"end":{}}],"line":107},"6":{"loc":{"start":{"line":114,"column":8},"end":{"line":118,"column":9}},"type":"if","locations":[{"start":{"line":114,"column":8},"end":{"line":118,"column":9}},{"start":{},"end":{}}],"line":114},"7":{"loc":{"start":{"line":161,"column":4},"end":{"line":165,"column":5}},"type":"if","locations":[{"start":{"line":161,"column":4},"end":{"line":165,"column":5}},{"start":{},"end":{}}],"line":161}},"s":{"0":7,"1":7,"2":7,"3":7,"4":7,"5":7,"6":7,"7":7,"8":1,"9":6,"10":6,"11":5,"12":2,"13":3,"14":3,"15":3,"16":3,"17":3,"18":1,"19":7,"20":6,"21":6,"22":1,"23":5,"24":5,"25":4,"26":1,"27":3,"28":3,"29":1,"30":2,"31":2,"32":2,"33":2,"34":2,"35":2,"36":1,"37":7,"38":1,"39":1,"40":0,"41":1,"42":7,"43":1,"44":7},"f":{"0":7,"1":3,"2":3,"3":3,"4":6,"5":1,"6":1},"b":{"0":[1,6],"1":[7,6,6,6,6,6,6],"2":[2,3],"3":[1,5],"4":[6,6],"5":[1,3],"6":[1,2],"7":[0,1]},"_coverageSchema":"1a1c01bbd47fc00a2c39e90264f33305004495a9","hash":"b10581d443935cf0c9cb3c47af6928a13cbfc928"}
,"/Users/dvs/Documents/INGENIERIA_CIVIL/ANDES/ProyectoFinal2/abc-backend/auth/controllers/user.js": {"path":"/Users/dvs/Documents/INGENIERIA_CIVIL/ANDES/ProyectoFinal2/abc-backend/auth/controllers/user.js","statementMap":{"0":{"start":{"line":1,"column":13},"end":{"line":1,"column":38}},"1":{"start":{"line":2,"column":15},"end":{"line":2,"column":34}},"2":{"start":{"line":3,"column":12},"end":{"line":3,"column":35}},"3":{"start":{"line":7,"column":4},"end":{"line":7,"column":24}},"4":{"start":{"line":9,"column":17},"end":{"line":88,"column":1}},"5":{"start":{"line":11,"column":23},"end":{"line":11,"column":25}},"6":{"start":{"line":22,"column":8},"end":{"line":22,"column":16}},"7":{"start":{"line":28,"column":4},"end":{"line":32,"column":5}},"8":{"start":{"line":29,"column":8},"end":{"line":31,"column":11}},"9":{"start":{"line":35,"column":4},"end":{"line":86,"column":5}},"10":{"start":{"line":37,"column":8},"end":{"line":45,"column":11}},"11":{"start":{"line":49,"column":8},"end":{"line":53,"column":9}},"12":{"start":{"line":50,"column":12},"end":{"line":52,"column":15}},"13":{"start":{"line":55,"column":8},"end":{"line":79,"column":11}},"14":{"start":{"line":56,"column":12},"end":{"line":78,"column":15}},"15":{"start":{"line":59,"column":29},"end":{"line":69,"column":18}},"16":{"start":{"line":71,"column":16},"end":{"line":77,"column":22}},"17":{"start":{"line":73,"column":24},"end":{"line":76,"column":26}},"18":{"start":{"line":82,"column":8},"end":{"line":85,"column":11}},"19":{"start":{"line":90,"column":14},"end":{"line":153,"column":1}},"20":{"start":{"line":95,"column":8},"end":{"line":95,"column":16}},"21":{"start":{"line":97,"column":4},"end":{"line":101,"column":5}},"22":{"start":{"line":98,"column":8},"end":{"line":100,"column":11}},"23":{"start":{"line":103,"column":4},"end":{"line":152,"column":5}},"24":{"start":{"line":105,"column":21},"end":{"line":109,"column":10}},"25":{"start":{"line":111,"column":8},"end":{"line":115,"column":9}},"26":{"start":{"line":112,"column":12},"end":{"line":114,"column":15}},"27":{"start":{"line":117,"column":32},"end":{"line":117,"column":77}},"28":{"start":{"line":118,"column":8},"end":{"line":122,"column":9}},"29":{"start":{"line":119,"column":12},"end":{"line":121,"column":15}},"30":{"start":{"line":126,"column":25},"end":{"line":126,"column":92}},"31":{"start":{"line":128,"column":22},"end":{"line":134,"column":10}},"32":{"start":{"line":136,"column":8},"end":{"line":136,"column":27}},"33":{"start":{"line":137,"column":8},"end":{"line":137,"column":33}},"34":{"start":{"line":139,"column":8},"end":{"line":139,"column":26}},"35":{"start":{"line":141,"column":8},"end":{"line":145,"column":11}},"36":{"start":{"line":148,"column":8},"end":{"line":151,"column":11}},"37":{"start":{"line":157,"column":21},"end":{"line":179,"column":1}},"38":{"start":{"line":159,"column":4},"end":{"line":178,"column":5}},"39":{"start":{"line":161,"column":21},"end":{"line":165,"column":10}},"40":{"start":{"line":167,"column":8},"end":{"line":171,"column":11}},"41":{"start":{"line":174,"column":8},"end":{"line":177,"column":11}},"42":{"start":{"line":181,"column":20},"end":{"line":183,"column":1}},"43":{"start":{"line":182,"column":4},"end":{"line":182,"column":33}},"44":{"start":{"line":185,"column":0},"end":{"line":190,"column":2}}},"fnMap":{"0":{"name":"(anonymous_0)","decl":{"start":{"line":9,"column":17},"end":{"line":9,"column":18}},"loc":{"start":{"line":9,"column":37},"end":{"line":88,"column":1}},"line":9},"1":{"name":"(anonymous_1)","decl":{"start":{"line":55,"column":35},"end":{"line":55,"column":36}},"loc":{"start":{"line":55,"column":56},"end":{"line":79,"column":9}},"line":55},"2":{"name":"(anonymous_2)","decl":{"start":{"line":56,"column":40},"end":{"line":56,"column":41}},"loc":{"start":{"line":56,"column":61},"end":{"line":78,"column":13}},"line":56},"3":{"name":"(anonymous_3)","decl":{"start":{"line":72,"column":26},"end":{"line":72,"column":27}},"loc":{"start":{"line":72,"column":36},"end":{"line":77,"column":21}},"line":72},"4":{"name":"(anonymous_4)","decl":{"start":{"line":90,"column":14},"end":{"line":90,"column":15}},"loc":{"start":{"line":90,"column":34},"end":{"line":153,"column":1}},"line":90},"5":{"name":"(anonymous_5)","decl":{"start":{"line":157,"column":21},"end":{"line":157,"column":22}},"loc":{"start":{"line":157,"column":41},"end":{"line":179,"column":1}},"line":157},"6":{"name":"(anonymous_6)","decl":{"start":{"line":181,"column":20},"end":{"line":181,"column":21}},"loc":{"start":{"line":181,"column":40},"end":{"line":183,"column":1}},"line":181}},"branchMap":{"0":{"loc":{"start":{"line":28,"column":4},"end":{"line":32,"column":5}},"type":"if","locations":[{"start":{"line":28,"column":4},"end":{"line":32,"column":5}},{"start":{},"end":{}}],"line":28},"1":{"loc":{"start":{"line":28,"column":8},"end":{"line":28,"column":102}},"type":"binary-expr","locations":[{"start":{"line":28,"column":8},"end":{"line":28,"column":17}},{"start":{"line":28,"column":21},"end":{"line":28,"column":27}},{"start":{"line":28,"column":31},"end":{"line":28,"column":40}},{"start":{"line":28,"column":44},"end":{"line":28,"column":53}},{"start":{"line":28,"column":57},"end":{"line":28,"column":63}},{"start":{"line":28,"column":67},"end":{"line":28,"column":75}},{"start":{"line":28,"column":79},"end":{"line":28,"column":86}},{"start":{"line":28,"column":90},"end":{"line":28,"column":102}}],"line":28},"2":{"loc":{"start":{"line":49,"column":8},"end":{"line":53,"column":9}},"type":"if","locations":[{"start":{"line":49,"column":8},"end":{"line":53,"column":9}},{"start":{},"end":{}}],"line":49},"3":{"loc":{"start":{"line":97,"column":4},"end":{"line":101,"column":5}},"type":"if","locations":[{"start":{"line":97,"column":4},"end":{"line":101,"column":5}},{"start":{},"end":{}}],"line":97},"4":{"loc":{"start":{"line":97,"column":8},"end":{"line":97,"column":30}},"type":"binary-expr","locations":[{"start":{"line":97,"column":8},"end":{"line":97,"column":17}},{"start":{"line":97,"column":21},"end":{"line":97,"column":30}}],"line":97},"5":{"loc":{"start":{"line":111,"column":8},"end":{"line":115,"column":9}},"type":"if","locations":[{"start":{"line":111,"column":8},"end":{"line":115,"column":9}},{"start":{},"end":{}}],"line":111},"6":{"loc":{"start":{"line":118,"column":8},"end":{"line":122,"column":9}},"type":"if","locations":[{"start":{"line":118,"column":8},"end":{"line":122,"column":9}},{"start":{},"end":{}}],"line":118}},"s":{"0":7,"1":7,"2":7,"3":7,"4":7,"5":8,"6":8,"7":8,"8":1,"9":7,"10":7,"11":6,"12":2,"13":4,"14":4,"15":4,"16":4,"17":4,"18":1,"19":7,"20":6,"21":6,"22":1,"23":5,"24":5,"25":4,"26":1,"27":3,"28":3,"29":1,"30":2,"31":2,"32":2,"33":2,"34":2,"35":2,"36":1,"37":7,"38":2,"39":2,"40":1,"41":1,"42":7,"43":1,"44":7},"f":{"0":8,"1":4,"2":4,"3":4,"4":6,"5":2,"6":1},"b":{"0":[1,7],"1":[8,8,8,7,7,7,7,7],"2":[2,4],"3":[1,5],"4":[6,6],"5":[1,3],"6":[1,2]},"_coverageSchema":"1a1c01bbd47fc00a2c39e90264f33305004495a9","hash":"add1d8bd346dc9b82178d8ad1f3cddf5d548414f"}
,"/Users/dvs/Documents/INGENIERIA_CIVIL/ANDES/ProyectoFinal2/abc-backend/auth/routes/companies.js": {"path":"/Users/dvs/Documents/INGENIERIA_CIVIL/ANDES/ProyectoFinal2/abc-backend/auth/routes/companies.js","statementMap":{"0":{"start":{"line":3,"column":4},"end":{"line":3,"column":22}},"1":{"start":{"line":9,"column":4},"end":{"line":9,"column":40}},"2":{"start":{"line":11,"column":15},"end":{"line":11,"column":23}},"3":{"start":{"line":13,"column":0},"end":{"line":13,"column":36}},"4":{"start":{"line":14,"column":0},"end":{"line":14,"column":38}},"5":{"start":{"line":15,"column":0},"end":{"line":15,"column":45}},"6":{"start":{"line":16,"column":0},"end":{"line":16,"column":43}},"7":{"start":{"line":18,"column":0},"end":{"line":18,"column":24}}},"fnMap":{},"branchMap":{},"s":{"0":7,"1":7,"2":7,"3":7,"4":7,"5":7,"6":7,"7":7},"f":{},"b":{},"_coverageSchema":"1a1c01bbd47fc00a2c39e90264f33305004495a9","hash":"7ef15a9622c838f918c5c36e2fbfb85ff7b409bc"}
,"/Users/dvs/Documents/INGENIERIA_CIVIL/ANDES/ProyectoFinal2/abc-backend/auth/routes/users.js": {"path":"/Users/dvs/Documents/INGENIERIA_CIVIL/ANDES/ProyectoFinal2/abc-backend/auth/routes/users.js","statementMap":{"0":{"start":{"line":3,"column":4},"end":{"line":3,"column":22}},"1":{"start":{"line":9,"column":4},"end":{"line":9,"column":37}},"2":{"start":{"line":11,"column":15},"end":{"line":11,"column":23}},"3":{"start":{"line":13,"column":0},"end":{"line":13,"column":32}},"4":{"start":{"line":14,"column":0},"end":{"line":14,"column":34}},"5":{"start":{"line":15,"column":0},"end":{"line":15,"column":38}},"6":{"start":{"line":16,"column":0},"end":{"line":16,"column":39}},"7":{"start":{"line":18,"column":0},"end":{"line":18,"column":24}}},"fnMap":{},"branchMap":{},"s":{"0":7,"1":7,"2":7,"3":7,"4":7,"5":7,"6":7,"7":7},"f":{},"b":{},"_coverageSchema":"1a1c01bbd47fc00a2c39e90264f33305004495a9","hash":"b1b9f53608a784b62303fc0a43c338644c1f7781"}
}
