TN:
SF:index.js
FNF:0
FNH:0
DA:1,7
DA:2,7
DA:3,7
DA:4,7
DA:5,7
DA:7,7
DA:9,7
DA:10,7
DA:13,7
DA:14,7
DA:18,7
DA:19,7
DA:21,0
LF:13
LH:12
BRDA:18,0,0,7
BRDA:18,0,1,0
BRF:2
BRH:1
end_of_record
TN:
SF:controllers/company.js
FN:9,(anonymous_0)
FN:52,(anonymous_1)
FN:53,(anonymous_2)
FN:68,(anonymous_3)
FN:86,(anonymous_4)
FN:153,(anonymous_5)
FN:174,(anonymous_6)
FNF:7
FNH:7
FNDA:7,(anonymous_0)
FNDA:3,(anonymous_1)
FNDA:3,(anonymous_2)
FNDA:3,(anonymous_3)
FNDA:6,(anonymous_4)
FNDA:1,(anonymous_5)
FNDA:1,(anonymous_6)
DA:1,7
DA:2,7
DA:3,7
DA:7,7
DA:9,7
DA:11,7
DA:21,7
DA:27,7
DA:28,1
DA:33,6
DA:36,6
DA:46,5
DA:47,2
DA:52,3
DA:53,3
DA:56,3
DA:67,3
DA:69,3
DA:78,1
DA:86,7
DA:91,6
DA:93,6
DA:94,1
DA:99,5
DA:101,5
DA:107,4
DA:108,1
DA:113,3
DA:114,3
DA:115,1
DA:122,2
DA:124,2
DA:132,2
DA:133,2
DA:135,2
DA:137,2
DA:144,1
DA:153,7
DA:155,1
DA:161,1
DA:162,0
DA:167,1
DA:174,7
DA:175,1
DA:178,7
LF:45
LH:44
BRDA:27,0,0,1
BRDA:27,0,1,6
BRDA:27,1,0,7
BRDA:27,1,1,6
BRDA:27,1,2,6
BRDA:27,1,3,6
BRDA:27,1,4,6
BRDA:27,1,5,6
BRDA:27,1,6,6
BRDA:46,2,0,2
BRDA:46,2,1,3
BRDA:93,3,0,1
BRDA:93,3,1,5
BRDA:93,4,0,6
BRDA:93,4,1,6
BRDA:107,5,0,1
BRDA:107,5,1,3
BRDA:114,6,0,1
BRDA:114,6,1,2
BRDA:161,7,0,0
BRDA:161,7,1,1
BRF:21
BRH:20
end_of_record
TN:
SF:controllers/user.js
FN:9,(anonymous_0)
FN:55,(anonymous_1)
FN:56,(anonymous_2)
FN:72,(anonymous_3)
FN:90,(anonymous_4)
FN:157,(anonymous_5)
FN:181,(anonymous_6)
FNF:7
FNH:7
FNDA:8,(anonymous_0)
FNDA:4,(anonymous_1)
FNDA:4,(anonymous_2)
FNDA:4,(anonymous_3)
FNDA:6,(anonymous_4)
FNDA:2,(anonymous_5)
FNDA:1,(anonymous_6)
DA:1,7
DA:2,7
DA:3,7
DA:7,7
DA:9,7
DA:11,8
DA:22,8
DA:28,8
DA:29,1
DA:35,7
DA:37,7
DA:49,6
DA:50,2
DA:55,4
DA:56,4
DA:59,4
DA:71,4
DA:73,4
DA:82,1
DA:90,7
DA:95,6
DA:97,6
DA:98,1
DA:103,5
DA:105,5
DA:111,4
DA:112,1
DA:117,3
DA:118,3
DA:119,1
DA:126,2
DA:128,2
DA:136,2
DA:137,2
DA:139,2
DA:141,2
DA:148,1
DA:157,7
DA:159,2
DA:161,2
DA:167,1
DA:174,1
DA:181,7
DA:182,1
DA:185,7
LF:45
LH:45
BRDA:28,0,0,1
BRDA:28,0,1,7
BRDA:28,1,0,8
BRDA:28,1,1,8
BRDA:28,1,2,8
BRDA:28,1,3,7
BRDA:28,1,4,7
BRDA:28,1,5,7
BRDA:28,1,6,7
BRDA:28,1,7,7
BRDA:49,2,0,2
BRDA:49,2,1,4
BRDA:97,3,0,1
BRDA:97,3,1,5
BRDA:97,4,0,6
BRDA:97,4,1,6
BRDA:111,5,0,1
BRDA:111,5,1,3
BRDA:118,6,0,1
BRDA:118,6,1,2
BRF:20
BRH:20
end_of_record
TN:
SF:routes/companies.js
FNF:0
FNH:0
DA:3,7
DA:9,7
DA:11,7
DA:13,7
DA:14,7
DA:15,7
DA:16,7
DA:18,7
LF:8
LH:8
BRF:0
BRH:0
end_of_record
TN:
SF:routes/users.js
FNF:0
FNH:0
DA:3,7
DA:9,7
DA:11,7
DA:13,7
DA:14,7
DA:15,7
DA:16,7
DA:18,7
LF:8
LH:8
BRF:0
BRH:0
end_of_record
