{"/Users/dvs/Documents/INGENIERIA_CIVIL/ANDES/ProyectoFinal2/abc-backend/project/index.js": {"path":"/Users/dvs/Documents/INGENIERIA_CIVIL/ANDES/ProyectoFinal2/abc-backend/project/index.js","statementMap":{"0":{"start":{"line":1,"column":16},"end":{"line":1,"column":34}},"1":{"start":{"line":2,"column":22},"end":{"line":2,"column":53}},"2":{"start":{"line":4,"column":19},"end":{"line":4,"column":45}},"3":{"start":{"line":6,"column":12},"end":{"line":6,"column":21}},"4":{"start":{"line":8,"column":0},"end":{"line":8,"column":23}},"5":{"start":{"line":12,"column":0},"end":{"line":12,"column":22}},"6":{"start":{"line":16,"column":0},"end":{"line":20,"column":1}},"7":{"start":{"line":17,"column":4},"end":{"line":17,"column":24}},"8":{"start":{"line":19,"column":4},"end":{"line":19,"column":44}}},"fnMap":{},"branchMap":{"0":{"loc":{"start":{"line":16,"column":0},"end":{"line":20,"column":1}},"type":"if","locations":[{"start":{"line":16,"column":0},"end":{"line":20,"column":1}},{"start":{"line":18,"column":7},"end":{"line":20,"column":1}}],"line":16}},"s":{"0":1,"1":1,"2":1,"3":1,"4":1,"5":1,"6":1,"7":1,"8":0},"f":{},"b":{"0":[1,0]},"_coverageSchema":"1a1c01bbd47fc00a2c39e90264f33305004495a9","hash":"365112c664ace5bf1d3d9a8baa2181b49790785f"}
,"/Users/dvs/Documents/INGENIERIA_CIVIL/ANDES/ProyectoFinal2/abc-backend/project/controllers/project.js": {"path":"/Users/dvs/Documents/INGENIERIA_CIVIL/ANDES/ProyectoFinal2/abc-backend/project/controllers/project.js","statementMap":{"0":{"start":{"line":1,"column":16},"end":{"line":1,"column":44}},"1":{"start":{"line":3,"column":15},"end":{"line":51,"column":1}},"2":{"start":{"line":12,"column":8},"end":{"line":12,"column":16}},"3":{"start":{"line":14,"column":4},"end":{"line":18,"column":5}},"4":{"start":{"line":15,"column":8},"end":{"line":17,"column":11}},"5":{"start":{"line":20,"column":4},"end":{"line":49,"column":5}},"6":{"start":{"line":22,"column":24},"end":{"line":29,"column":10}},"7":{"start":{"line":31,"column":8},"end":{"line":31,"column":31}},"8":{"start":{"line":33,"column":8},"end":{"line":41,"column":11}},"9":{"start":{"line":44,"column":8},"end":{"line":44,"column":27}},"10":{"start":{"line":45,"column":8},"end":{"line":48,"column":11}},"11":{"start":{"line":53,"column":20},"end":{"line":55,"column":1}},"12":{"start":{"line":54,"column":4},"end":{"line":54,"column":33}},"13":{"start":{"line":57,"column":0},"end":{"line":60,"column":2}}},"fnMap":{"0":{"name":"(anonymous_0)","decl":{"start":{"line":3,"column":15},"end":{"line":3,"column":16}},"loc":{"start":{"line":3,"column":35},"end":{"line":51,"column":1}},"line":3},"1":{"name":"(anonymous_1)","decl":{"start":{"line":53,"column":20},"end":{"line":53,"column":21}},"loc":{"start":{"line":53,"column":40},"end":{"line":55,"column":1}},"line":53}},"branchMap":{"0":{"loc":{"start":{"line":14,"column":4},"end":{"line":18,"column":5}},"type":"if","locations":[{"start":{"line":14,"column":4},"end":{"line":18,"column":5}},{"start":{},"end":{}}],"line":14},"1":{"loc":{"start":{"line":14,"column":8},"end":{"line":14,"column":87}},"type":"binary-expr","locations":[{"start":{"line":14,"column":8},"end":{"line":14,"column":19}},{"start":{"line":14,"column":23},"end":{"line":14,"column":29}},{"start":{"line":14,"column":33},"end":{"line":14,"column":45}},{"start":{"line":14,"column":49},"end":{"line":14,"column":61}},{"start":{"line":14,"column":65},"end":{"line":14,"column":77}},{"start":{"line":14,"column":81},"end":{"line":14,"column":87}}],"line":14}},"s":{"0":1,"1":1,"2":3,"3":3,"4":1,"5":2,"6":2,"7":1,"8":1,"9":1,"10":1,"11":1,"12":1,"13":1},"f":{"0":3,"1":1},"b":{"0":[1,2],"1":[3,2,2,2,2,2]},"_coverageSchema":"1a1c01bbd47fc00a2c39e90264f33305004495a9","hash":"f3b6d280c89dd8e77eff5c11b6e17eced11de9cd"}
,"/Users/dvs/Documents/INGENIERIA_CIVIL/ANDES/ProyectoFinal2/abc-backend/project/routes/projects.js": {"path":"/Users/dvs/Documents/INGENIERIA_CIVIL/ANDES/ProyectoFinal2/abc-backend/project/routes/projects.js","statementMap":{"0":{"start":{"line":3,"column":4},"end":{"line":3,"column":22}},"1":{"start":{"line":7,"column":4},"end":{"line":7,"column":40}},"2":{"start":{"line":9,"column":15},"end":{"line":9,"column":23}},"3":{"start":{"line":11,"column":0},"end":{"line":11,"column":33}},"4":{"start":{"line":12,"column":0},"end":{"line":12,"column":42}},"5":{"start":{"line":14,"column":0},"end":{"line":14,"column":24}}},"fnMap":{},"branchMap":{},"s":{"0":1,"1":1,"2":1,"3":1,"4":1,"5":1},"f":{},"b":{},"_coverageSchema":"1a1c01bbd47fc00a2c39e90264f33305004495a9","hash":"6ed7b854cb91b5ec299a4c92f0c8c0aae12d7898"}
}
