TN:
SF:index.js
FNF:0
FNH:0
DA:1,1
DA:2,1
DA:4,1
DA:6,1
DA:8,1
DA:12,1
DA:16,1
DA:17,1
DA:19,0
LF:9
LH:8
BRDA:16,0,0,1
BRDA:16,0,1,0
BRF:2
BRH:1
end_of_record
TN:
SF:controllers/project.js
FN:3,(anonymous_0)
FN:53,(anonymous_1)
FNF:2
FNH:2
FNDA:3,(anonymous_0)
FNDA:1,(anonymous_1)
DA:1,1
DA:3,1
DA:12,3
DA:14,3
DA:15,1
DA:20,2
DA:22,2
DA:31,1
DA:33,1
DA:44,1
DA:45,1
DA:53,1
DA:54,1
DA:57,1
LF:14
LH:14
BRDA:14,0,0,1
BRDA:14,0,1,2
BRDA:14,1,0,3
BRDA:14,1,1,2
BRDA:14,1,2,2
BRDA:14,1,3,2
BRDA:14,1,4,2
BRDA:14,1,5,2
BRF:8
BRH:8
end_of_record
TN:
SF:routes/projects.js
FNF:0
FNH:0
DA:3,1
DA:7,1
DA:9,1
DA:11,1
DA:12,1
DA:14,1
LF:6
LH:6
BRF:0
BRH:0
end_of_record
